# JRE version: Java(TM) SE Runtime Environment 18.9 (11.0.21+9) (build 11.0.21+9-LTS-193)
# Java VM: Java HotSpot(TM) 64-Bit Server VM 18.9 (11.0.21+9-LTS-193, mixed mode, tiered, compressed oops, g1 gc, windows-amd64)
Heap:
 garbage-first heap   total 129024K, used 42195K [0x0000000082400000, 0x0000000100000000)
  region size 1024K, 26 young (26624K), 2 survivors (2048K)
 Metaspace       used 38143K, capacity 39227K, committed 39472K, reserved 1083392K
  class space    used 4425K, capacity 4891K, committed 4992K, reserved 1048576K
GC Heap History (10 events):
Event: 1.451 GC heap before
{Heap before GC invocations=0 (full 0):
 garbage-first heap   total 129024K, used 25600K [0x0000000082400000, 0x0000000100000000)
  region size 1024K, 24 young (24576K), 0 survivors (0K)
 Metaspace       used 13315K, capacity 13649K, committed 13824K, reserved 1060864K
  class space    used 1337K, capacity 1482K, committed 1536K, reserved 1048576K
}
Event: 1.459 GC heap after
{Heap after GC invocations=1 (full 0):
 garbage-first heap   total 129024K, used 7507K [0x0000000082400000, 0x0000000100000000)
  region size 1024K, 3 young (3072K), 3 survivors (3072K)
 Metaspace       used 13315K, capacity 13649K, committed 13824K, reserved 1060864K
  class space    used 1337K, capacity 1482K, committed 1536K, reserved 1048576K
}
Event: 2.051 GC heap before
{Heap before GC invocations=1 (full 0):
 garbage-first heap   total 129024K, used 24915K [0x0000000082400000, 0x0000000100000000)
  region size 1024K, 20 young (20480K), 3 survivors (3072K)
 Metaspace       used 16353K, capacity 16725K, committed 16896K, reserved 1064960K
  class space    used 1639K, capacity 1787K, committed 1792K, reserved 1048576K
}
Event: 2.056 GC heap after
{Heap after GC invocations=2 (full 0):
 garbage-first heap   total 129024K, used 8241K [0x0000000082400000, 0x0000000100000000)
  region size 1024K, 1 young (1024K), 1 survivors (1024K)
 Metaspace       used 16353K, capacity 16725K, committed 16896K, reserved 1064960K
  class space    used 1639K, capacity 1787K, committed 1792K, reserved 1048576K
}
Event: 2.841 GC heap before
{Heap before GC invocations=2 (full 0):
 garbage-first heap   total 129024K, used 31793K [0x0000000082400000, 0x0000000100000000)
  region size 1024K, 25 young (25600K), 1 survivors (1024K)
 Metaspace       used 20704K, capacity 21157K, committed 21296K, reserved 1069056K
  class space    used 2151K, capacity 2349K, committed 2432K, reserved 1048576K
}
Event: 2.846 GC heap after
{Heap after GC invocations=3 (full 0):
 garbage-first heap   total 129024K, used 9503K [0x0000000082400000, 0x0000000100000000)
  region size 1024K, 2 young (2048K), 2 survivors (2048K)
 Metaspace       used 20704K, capacity 21157K, committed 21296K, reserved 1069056K
  class space    used 2151K, capacity 2349K, committed 2432K, reserved 1048576K
}
Event: 4.298 GC heap before
{Heap before GC invocations=4 (full 0):
 garbage-first heap   total 129024K, used 61727K [0x0000000082400000, 0x0000000100000000)
  region size 1024K, 53 young (54272K), 2 survivors (2048K)
 Metaspace       used 27237K, capacity 27890K, committed 28080K, reserved 1075200K
  class space    used 2944K, capacity 3215K, committed 3328K, reserved 1048576K
}
Event: 4.312 GC heap after
{Heap after GC invocations=5 (full 0):
 garbage-first heap   total 129024K, used 16652K [0x0000000082400000, 0x0000000100000000)
  region size 1024K, 7 young (7168K), 7 survivors (7168K)
 Metaspace       used 27237K, capacity 27890K, committed 28080K, reserved 1075200K
  class space    used 2944K, capacity 3215K, committed 3328K, reserved 1048576K
}
Event: 11.208 GC heap before
{Heap before GC invocations=5 (full 0):
 garbage-first heap   total 129024K, used 80140K [0x0000000082400000, 0x0000000100000000)
  region size 1024K, 58 young (59392K), 7 survivors (7168K)
 Metaspace       used 34805K, capacity 35759K, committed 35888K, reserved 1081344K
  class space    used 3973K, capacity 4387K, committed 4480K, reserved 1048576K
}
Event: 11.225 GC heap after
{Heap after GC invocations=6 (full 0):
 garbage-first heap   total 129024K, used 18643K [0x0000000082400000, 0x0000000100000000)
  region size 1024K, 2 young (2048K), 2 survivors (2048K)
 Metaspace       used 34805K, capacity 35759K, committed 35888K, reserved 1081344K
  class space    used 3973K, capacity 4387K, committed 4480K, reserved 1048576K
}

